2015/10/13 15:15:04 にビルドを開始しました。
     1>ノード 2 上のプロジェクト "D:\GameDevelopments\C++\GdkDx9\GdkDx9.vcxproj" (Build ターゲット)。
     1>ClCompile:
         D:\Program Files (x86)\Microsoft Visual Studio 14.0\VC\bin\CL.exe /c /I"D:\Program Files (x86)\Microsoft DirectX SDK (June 2010)\Include" /ZI /nologo /W3 /WX- /sdl /Od /Oy- /D _MBCS /Gm /EHsc /RTC1 /MDd /GS /fp:precise /Zc:wchar_t /Zc:forScope /Zc:inline /Fo"Debug\\" /Fd"Debug\vc140.pdb" /Gd /TP /analyze- /errorReport:prompt Main.cpp
         Main.cpp
         d:\program files (x86)\microsoft directx sdk (june 2010)\include\dinput.h: DIRECTINPUT_VERSION undefined. Defaulting to version 0x0800
     1>d:\gamedevelopments\c++\gdkdx9\main.cpp(43): warning C4244: '引数': 'int' から 'FLOAT' への変換です。データが失われる可能性があります。
     1>d:\gamedevelopments\c++\gdkdx9\main.cpp(53): warning C4244: '=': 'int' から 'float' への変換です。データが失われる可能性があります。
     1>d:\gamedevelopments\c++\gdkdx9\main.cpp(54): warning C4244: '=': 'int' から 'float' への変換です。データが失われる可能性があります。
     1>d:\gamedevelopments\c++\gdkdx9\main.cpp(55): warning C4244: '=': 'int' から 'float' への変換です。データが失われる可能性があります。
       Link:
         D:\Program Files (x86)\Microsoft Visual Studio 14.0\VC\bin\link.exe /ERRORREPORT:PROMPT /OUT:"D:\GameDevelopments\C++\GdkDx9\Debug\GdkDx9.exe" /INCREMENTAL /NOLOGO /LIBPATH:"D:\Program Files (x86)\Microsoft DirectX SDK (June 2010)\Lib\x86" d3d9.lib d3dx9.lib dinput8.lib dxguid.lib kernel32.lib user32.lib gdi32.lib winspool.lib comdlg32.lib advapi32.lib shell32.lib ole32.lib oleaut32.lib uuid.lib odbc32.lib odbccp32.lib /MANIFEST /MANIFESTUAC:"level='asInvoker' uiAccess='false'" /manifest:embed /Debug /PDB:"D:\GameDevelopments\C++\GdkDx9\Debug\GdkDx9.pdb" /TLBID:1 /DYNAMICBASE /NXCOMPAT /IMPLIB:"D:\GameDevelopments\C++\GdkDx9\Debug\GdkDx9.lib" /MACHINE:X86 Debug\Camera.obj
         Debug\Cursor.obj
         Debug\Debug.obj
         Debug\GdkDx9.obj
         Debug\Input.obj
         Debug\Int2.obj
         Debug\Main.obj
         Debug\Mesh.obj
         Debug\Render.obj
         Debug\Screen.obj
         GdkDx9.vcxproj -> D:\GameDevelopments\C++\GdkDx9\Debug\GdkDx9.exe
     1>プロジェクト "D:\GameDevelopments\C++\GdkDx9\GdkDx9.vcxproj" (Build ターゲット) のビルドが完了しました。

ビルドに成功しました。

経過時間 00:00:02.37
